# JRE version: OpenJDK Runtime Environment Temurin-17.0.7+7 (17.0.7+7) (build 17.0.7+7)
# Java VM: OpenJDK 64-Bit Server VM Temurin-17.0.7+7 (17.0.7+7, mixed mode, sharing, tiered, compressed oops, compressed class ptrs, g1 gc, windows-amd64)
GC Precious Log:
 CPUs: 4 total, 4 available
 Memory: 7834M
 Large Page Support: Disabled
 NUMA Support: Disabled
 Compressed Oops: Enabled (Zero based)
 Heap Region Size: 2M
 Heap Min Capacity: 512M
 Heap Initial Capacity: 512M
 Heap Max Capacity: 4072M
 Pre-touch: Disabled
 Parallel Workers: 4
 Concurrent Workers: 1
 Concurrent Refinement Workers: 4
 Periodic GC: Disabled
 String Deduplication is enabled
Heap:
 garbage-first heap   total 524288K, used 127661K [0x0000000701800000, 0x0000000800000000)
  region size 2048K, 18 young (36864K), 0 survivors (0K)
 Metaspace       used 90354K, committed 91456K, reserved 1179648K
  class space    used 11794K, committed 12352K, reserved 1048576K
GC Heap History (20 events):
Event: 6983.827 GC heap before
{Heap before GC invocations=1725 (full 1483):
 garbage-first heap   total 524288K, used 172913K [0x0000000701800000, 0x0000000800000000)
  region size 2048K, 40 young (81920K), 1 survivors (2048K)
 Metaspace       used 90280K, committed 91456K, reserved 1179648K
  class space    used 11788K, committed 12352K, reserved 1048576K
}
Event: 6983.829 GC heap after
{Heap after GC invocations=1726 (full 1483):
 garbage-first heap   total 524288K, used 93012K [0x0000000701800000, 0x0000000800000000)
  region size 2048K, 1 young (2048K), 1 survivors (2048K)
 Metaspace       used 90280K, committed 91456K, reserved 1179648K
  class space    used 11788K, committed 12352K, reserved 1048576K
}
Event: 6991.843 GC heap before
{Heap before GC invocations=1726 (full 1483):
 garbage-first heap   total 524288K, used 172884K [0x0000000701800000, 0x0000000800000000)
  region size 2048K, 40 young (81920K), 1 survivors (2048K)
 Metaspace       used 90306K, committed 91456K, reserved 1179648K
  class space    used 11793K, committed 12352K, reserved 1048576K
}
Event: 6991.844 GC heap after
{Heap after GC invocations=1727 (full 1483):
 garbage-first heap   total 524288K, used 93049K [0x0000000701800000, 0x0000000800000000)
  region size 2048K, 1 young (2048K), 1 survivors (2048K)
 Metaspace       used 90306K, committed 91456K, reserved 1179648K
  class space    used 11793K, committed 12352K, reserved 1048576K
}
Event: 6994.340 GC heap before
{Heap before GC invocations=1727 (full 1483):
 garbage-first heap   total 524288K, used 172921K [0x0000000701800000, 0x0000000800000000)
  region size 2048K, 40 young (81920K), 1 survivors (2048K)
 Metaspace       used 90314K, committed 91456K, reserved 1179648K
  class space    used 11793K, committed 12352K, reserved 1048576K
}
Event: 6994.341 GC heap after
{Heap after GC invocations=1728 (full 1483):
 garbage-first heap   total 524288K, used 93100K [0x0000000701800000, 0x0000000800000000)
  region size 2048K, 1 young (2048K), 1 survivors (2048K)
 Metaspace       used 90314K, committed 91456K, reserved 1179648K
  class space    used 11793K, committed 12352K, reserved 1048576K
}
Event: 6996.110 GC heap before
{Heap before GC invocations=1728 (full 1483):
 garbage-first heap   total 524288K, used 172972K [0x0000000701800000, 0x0000000800000000)
  region size 2048K, 40 young (81920K), 1 survivors (2048K)
 Metaspace       used 90314K, committed 91456K, reserved 1179648K
  class space    used 11793K, committed 12352K, reserved 1048576K
}
Event: 6996.112 GC heap after
{Heap after GC invocations=1729 (full 1483):
 garbage-first heap   total 524288K, used 93144K [0x0000000701800000, 0x0000000800000000)
  region size 2048K, 1 young (2048K), 1 survivors (2048K)
 Metaspace       used 90314K, committed 91456K, reserved 1179648K
  class space    used 11793K, committed 12352K, reserved 1048576K
}
Event: 7008.275 GC heap before
{Heap before GC invocations=1729 (full 1483):
 garbage-first heap   total 524288K, used 173016K [0x0000000701800000, 0x0000000800000000)
  region size 2048K, 40 young (81920K), 1 survivors (2048K)
 Metaspace       used 90319K, committed 91456K, reserved 1179648K
  class space    used 11793K, committed 12352K, reserved 1048576K
}
Event: 7008.278 GC heap after
{Heap after GC invocations=1730 (full 1483):
 garbage-first heap   total 524288K, used 93273K [0x0000000701800000, 0x0000000800000000)
  region size 2048K, 1 young (2048K), 1 survivors (2048K)
 Metaspace       used 90319K, committed 91456K, reserved 1179648K
  class space    used 11793K, committed 12352K, reserved 1048576K
}
Event: 7014.889 GC heap before
{Heap before GC invocations=1730 (full 1483):
 garbage-first heap   total 524288K, used 173145K [0x0000000701800000, 0x0000000800000000)
  region size 2048K, 40 young (81920K), 1 survivors (2048K)
 Metaspace       used 90340K, committed 91456K, reserved 1179648K
  class space    used 11793K, committed 12352K, reserved 1048576K
}
Event: 7014.891 GC heap after
{Heap after GC invocations=1731 (full 1483):
 garbage-first heap   total 524288K, used 93422K [0x0000000701800000, 0x0000000800000000)
  region size 2048K, 1 young (2048K), 1 survivors (2048K)
 Metaspace       used 90340K, committed 91456K, reserved 1179648K
  class space    used 11793K, committed 12352K, reserved 1048576K
}
Event: 7027.284 GC heap before
{Heap before GC invocations=1731 (full 1483):
 garbage-first heap   total 524288K, used 154862K [0x0000000701800000, 0x0000000800000000)
  region size 2048K, 32 young (65536K), 1 survivors (2048K)
 Metaspace       used 90340K, committed 91456K, reserved 1179648K
  class space    used 11793K, committed 12352K, reserved 1048576K
}
Event: 7027.364 GC heap after
{Heap after GC invocations=1732 (full 1484):
 garbage-first heap   total 524288K, used 92754K [0x0000000701800000, 0x0000000800000000)
  region size 2048K, 0 young (0K), 0 survivors (0K)
 Metaspace       used 90340K, committed 91456K, reserved 1179648K
  class space    used 11793K, committed 12352K, reserved 1048576K
}
Event: 7030.860 GC heap before
{Heap before GC invocations=1732 (full 1484):
 garbage-first heap   total 524288K, used 139858K [0x0000000701800000, 0x0000000800000000)
  region size 2048K, 24 young (49152K), 0 survivors (0K)
 Metaspace       used 90341K, committed 91456K, reserved 1179648K
  class space    used 11793K, committed 12352K, reserved 1048576K
}
Event: 7030.939 GC heap after
{Heap after GC invocations=1733 (full 1485):
 garbage-first heap   total 524288K, used 92711K [0x0000000701800000, 0x0000000800000000)
  region size 2048K, 0 young (0K), 0 survivors (0K)
 Metaspace       used 90341K, committed 91456K, reserved 1179648K
  class space    used 11793K, committed 12352K, reserved 1048576K
}
Event: 7033.910 GC heap before
{Heap before GC invocations=1733 (full 1485):
 garbage-first heap   total 524288K, used 107047K [0x0000000701800000, 0x0000000800000000)
  region size 2048K, 8 young (16384K), 0 survivors (0K)
 Metaspace       used 90341K, committed 91456K, reserved 1179648K
  class space    used 11793K, committed 12352K, reserved 1048576K
}
Event: 7034.001 GC heap after
{Heap after GC invocations=1734 (full 1486):
 garbage-first heap   total 524288K, used 92759K [0x0000000701800000, 0x0000000800000000)
  region size 2048K, 0 young (0K), 0 survivors (0K)
 Metaspace       used 90341K, committed 91456K, reserved 1179648K
  class space    used 11793K, committed 12352K, reserved 1048576K
}
Event: 7036.971 GC heap before
{Heap before GC invocations=1734 (full 1486):
 garbage-first heap   total 524288K, used 102999K [0x0000000701800000, 0x0000000800000000)
  region size 2048K, 6 young (12288K), 0 survivors (0K)
 Metaspace       used 90350K, committed 91456K, reserved 1179648K
  class space    used 11794K, committed 12352K, reserved 1048576K
}
Event: 7037.054 GC heap after
{Heap after GC invocations=1735 (full 1487):
 garbage-first heap   total 524288K, used 92845K [0x0000000701800000, 0x0000000800000000)
  region size 2048K, 0 young (0K), 0 survivors (0K)
 Metaspace       used 90350K, committed 91456K, reserved 1179648K
  class space    used 11794K, committed 12352K, reserved 1048576K
}

